Arguments: 
  /Users/yongsuek/.nvm/versions/node/v16.15.0/bin/node /usr/local/Cellar/yarn/1.22.4/libexec/bin/yarn.js init

PATH: 
  /Users/yongsuek/.pyenv/shims:/Users/yongsuek/.nvm/versions/node/v16.15.0/bin:/usr/local/bin:/usr/bin:/bin:/usr/sbin:/sbin:/Library/Apple/usr/bin:/Users/yongsuek/.nvm/versions/node/v16.15.0/bin:/usr/local/share/npm/bin:/Library/Java/JavaVirtualMachines/jdk-14.0.2.jdk/Contents/Home/bin:/usr/local/share/npm/bin:/Library/Java/JavaVirtualMachines/jdk-14.0.2.jdk/Contents/Home/bin:

Yarn version: 
  1.22.4

Node version: 
  16.15.0

Platform: 
  darwin x64

Trace: 
  Error: canceled
      at Interface.<anonymous> (/usr/local/Cellar/yarn/1.22.4/libexec/lib/cli.js:137008:13)
      at Interface.emit (node:events:527:28)
      at Interface._ttyWrite (node:readline:1081:16)
      at ReadStream.onkeypress (node:readline:288:10)
      at ReadStream.emit (node:events:527:28)
      at emitKeys (node:internal/readline/utils:358:14)
      at emitKeys.next (<anonymous>)
      at ReadStream.onData (node:internal/readline/emitKeypressEvents:61:36)
      at ReadStream.emit (node:events:527:28)
      at addChunk (node:internal/streams/readable:315:12)

npm manifest: 
  No manifest

yarn manifest: 
  No manifest

Lockfile: 
  No lockfile
